<?xml version="1.0" encoding="UTF-8"?>
<coverage generated="1750724291109" clover="3.2.0">
  <project timestamp="1750724291109" name="All files">
    <metrics statements="46" coveredstatements="41" conditionals="6" coveredconditionals="2" methods="9" coveredmethods="8" elements="61" coveredelements="51" complexity="0" loc="46" ncloc="46" packages="2" files="4" classes="4"/>
    <package name="logger">
      <metrics statements="24" coveredstatements="19" conditionals="6" coveredconditionals="2" methods="9" coveredmethods="8"/>
      <file name="Logger.js" path="C:\Users\tulio\OneDrive\Documentos\ProjetoEngSoftware\GESTAO-FINANCEIRA\backend\logger\Logger.js">
        <metrics statements="24" coveredstatements="19" conditionals="6" coveredconditionals="2" methods="9" coveredmethods="8"/>
        <line num="1" count="1" type="stmt"/>
        <line num="2" count="1" type="stmt"/>
        <line num="5" count="1" type="stmt"/>
        <line num="6" count="1" type="stmt"/>
        <line num="7" count="1" type="stmt"/>
        <line num="10" count="1" type="cond" truecount="1" falsecount="1"/>
        <line num="11" count="0" type="stmt"/>
        <line num="14" count="1" type="stmt"/>
        <line num="15" count="1" type="stmt"/>
        <line num="19" count="8" type="stmt"/>
        <line num="21" count="8" type="stmt"/>
        <line num="22" count="8" type="stmt"/>
        <line num="23" count="8" type="stmt"/>
        <line num="27" count="4" type="stmt"/>
        <line num="31" count="2" type="stmt"/>
        <line num="35" count="2" type="stmt"/>
        <line num="39" count="1" type="cond" truecount="1" falsecount="1"/>
        <line num="40" count="0" type="stmt"/>
        <line num="41" count="0" type="stmt"/>
        <line num="46" count="8" type="stmt"/>
        <line num="47" count="0" type="cond" truecount="0" falsecount="2"/>
        <line num="48" count="0" type="stmt"/>
        <line num="54" count="1" type="stmt"/>
        <line num="57" count="1" type="stmt"/>
      </file>
    </package>
    <package name="routes">
      <metrics statements="22" coveredstatements="22" conditionals="0" coveredconditionals="0" methods="0" coveredmethods="0"/>
      <file name="CategoriaRoutes.js" path="C:\Users\tulio\OneDrive\Documentos\ProjetoEngSoftware\GESTAO-FINANCEIRA\backend\routes\CategoriaRoutes.js">
        <metrics statements="7" coveredstatements="7" conditionals="0" coveredconditionals="0" methods="0" coveredmethods="0"/>
        <line num="1" count="2" type="stmt"/>
        <line num="2" count="2" type="stmt"/>
        <line num="4" count="2" type="stmt"/>
        <line num="6" count="2" type="stmt"/>
        <line num="7" count="2" type="stmt"/>
        <line num="8" count="2" type="stmt"/>
        <line num="10" count="2" type="stmt"/>
      </file>
      <file name="ComponentesRoutes.js" path="C:\Users\tulio\OneDrive\Documentos\ProjetoEngSoftware\GESTAO-FINANCEIRA\backend\routes\ComponentesRoutes.js">
        <metrics statements="6" coveredstatements="6" conditionals="0" coveredconditionals="0" methods="0" coveredmethods="0"/>
        <line num="1" count="1" type="stmt"/>
        <line num="2" count="1" type="stmt"/>
        <line num="4" count="1" type="stmt"/>
        <line num="6" count="1" type="stmt"/>
        <line num="7" count="1" type="stmt"/>
        <line num="9" count="1" type="stmt"/>
      </file>
      <file name="FinanceiroRoutes.js" path="C:\Users\tulio\OneDrive\Documentos\ProjetoEngSoftware\GESTAO-FINANCEIRA\backend\routes\FinanceiroRoutes.js">
        <metrics statements="9" coveredstatements="9" conditionals="0" coveredconditionals="0" methods="0" coveredmethods="0"/>
        <line num="1" count="2" type="stmt"/>
        <line num="2" count="2" type="stmt"/>
        <line num="4" count="2" type="stmt"/>
        <line num="6" count="2" type="stmt"/>
        <line num="7" count="2" type="stmt"/>
        <line num="8" count="2" type="stmt"/>
        <line num="9" count="2" type="stmt"/>
        <line num="10" count="2" type="stmt"/>
        <line num="12" count="2" type="stmt"/>
      </file>
    </package>
  </project>
</coverage>
